<?xml version="1.0" encoding="UTF-8" ?>
<testsuite tests="19" failures="0" name="ERALITest" time="0.485" errors="0" skipped="0">
  <properties>
    <property name="java.runtime.name" value="OpenJDK Runtime Environment"/>
    <property name="java.vm.version" value="23.0.2+7-58"/>
    <property name="sun.boot.library.path" value="/Users/chrdebru/Library/Java/JavaVirtualMachines/openjdk-23.0.2/Contents/Home/lib"/>
    <property name="maven.multiModuleProjectDirectory" value="/Users/chrdebru/Documents/GitHub/RALI"/>
    <property name="java.vm.vendor" value="Oracle Corporation"/>
    <property name="java.vendor.url" value="https://java.oracle.com/"/>
    <property name="guice.disable.misplaced.annotation.check" value="true"/>
    <property name="path.separator" value=":"/>
    <property name="java.vm.name" value="OpenJDK 64-Bit Server VM"/>
    <property name="user.country" value="US"/>
    <property name="sun.java.launcher" value="SUN_STANDARD"/>
    <property name="java.vm.specification.name" value="Java Virtual Machine Specification"/>
    <property name="user.dir" value="/Users/chrdebru/Documents/GitHub/RALI"/>
    <property name="java.vm.compressedOopsMode" value="Zero based"/>
    <property name="java.runtime.version" value="23.0.2+7-58"/>
    <property name="os.arch" value="x86_64"/>
    <property name="java.io.tmpdir" value="/var/folders/yg/18nshcld3d3c9vpv9dhw7xmw0000gp/T/"/>
    <property name="line.separator" value="
"/>
    <property name="java.vm.specification.vendor" value="Oracle Corporation"/>
    <property name="stderr.encoding" value="UTF-8"/>
    <property name="os.name" value="Mac OS X"/>
    <property name="classworlds.conf" value="/Applications/apache-maven-3.6.3/bin/m2.conf"/>
    <property name="sun.jnu.encoding" value="UTF-8"/>
    <property name="stdout.encoding" value="UTF-8"/>
    <property name="java.library.path" value="/Users/chrdebru/Library/Java/Extensions:/Library/Java/Extensions:/Network/Library/Java/Extensions:/System/Library/Java/Extensions:/usr/lib/java:."/>
    <property name="maven.conf" value="/Applications/apache-maven-3.6.3/conf"/>
    <property name="jdk.debug" value="release"/>
    <property name="java.class.version" value="67.0"/>
    <property name="java.specification.name" value="Java Platform API Specification"/>
    <property name="sun.management.compiler" value="HotSpot 64-Bit Tiered Compilers"/>
    <property name="os.version" value="13.7.4"/>
    <property name="library.jansi.path" value="/Applications/apache-maven-3.6.3/lib/jansi-native"/>
    <property name="http.nonProxyHosts" value="local|*.local|169.254/16|*.169.254/16"/>
    <property name="user.home" value="/Users/chrdebru"/>
    <property name="user.timezone" value="Europe/Brussels"/>
    <property name="file.encoding" value="UTF-8"/>
    <property name="java.specification.version" value="23"/>
    <property name="user.name" value="chrdebru"/>
    <property name="java.class.path" value="/Applications/apache-maven-3.6.3/boot/plexus-classworlds-2.6.0.jar"/>
    <property name="java.vm.specification.version" value="23"/>
    <property name="sun.arch.data.model" value="64"/>
    <property name="sun.java.command" value="org.codehaus.plexus.classworlds.launcher.Launcher package"/>
    <property name="java.home" value="/Users/chrdebru/Library/Java/JavaVirtualMachines/openjdk-23.0.2/Contents/Home"/>
    <property name="apple.awt.application.name" value="Launcher"/>
    <property name="user.language" value="en"/>
    <property name="java.specification.vendor" value="Oracle Corporation"/>
    <property name="java.vm.info" value="mixed mode, sharing"/>
    <property name="java.version" value="23.0.2"/>
    <property name="native.encoding" value="UTF-8"/>
    <property name="java.vendor" value="Oracle Corporation"/>
    <property name="maven.home" value="/Applications/apache-maven-3.6.3"/>
    <property name="file.separator" value="/"/>
    <property name="java.version.date" value="2025-01-21"/>
    <property name="java.vendor.url.bug" value="https://bugreport.java.com/bugreport/"/>
    <property name="sun.io.unicode.encoding" value="UnicodeBig"/>
    <property name="sun.cpu.endian" value="little"/>
    <property name="socksNonProxyHosts" value="local|*.local|169.254/16|*.169.254/16"/>
    <property name="ftp.nonProxyHosts" value="local|*.local|169.254/16|*.169.254/16"/>
  </properties>
  <testcase classname="ERALITest" name="testSetIntersection" time="0.068"/>
  <testcase classname="ERALITest" name="testJoin1" time="0.05"/>
  <testcase classname="ERALITest" name="testUnion" time="0.025"/>
  <testcase classname="ERALITest" name="testNULL" time="0.027"/>
  <testcase classname="ERALITest" name="testSort" time="0.026"/>
  <testcase classname="ERALITest" name="testGeneralizedProjection1" time="0.026"/>
  <testcase classname="ERALITest" name="testGeneralizedProjection2" time="0.025"/>
  <testcase classname="ERALITest" name="testProduct" time="0.021"/>
  <testcase classname="ERALITest" name="testSetDifference" time="0.024"/>
  <testcase classname="ERALITest" name="testAggregation" time="0.032"/>
  <testcase classname="ERALITest" name="testThetaJoin" time="0.021"/>
  <testcase classname="ERALITest" name="testSelectionNestedConditions" time="0.023"/>
  <testcase classname="ERALITest" name="testDifference" time="0.021"/>
  <testcase classname="ERALITest" name="testDivision" time="0.027"/>
  <testcase classname="ERALITest" name="testIntersection" time="0.018"/>
  <testcase classname="ERALITest" name="testProjection" time="0.013"/>
  <testcase classname="ERALITest" name="testRename" time="0.013"/>
  <testcase classname="ERALITest" name="testSetDivision" time="0.014"/>
  <testcase classname="ERALITest" name="testSetUnion" time="0.011"/>
</testsuite>